mkdir: cannot create directory 'wandb/5516900': No such file or directory
wandb: WARNING Path wandb/5516900/wandb/ wasn't writable, using system temp directory
Usage: wandb [OPTIONS] COMMAND [ARGS]...
Try 'wandb --help' for help.

Error: No such command 'login\r'.
run_container.sh: line 7: $'\r': command not found
usage: train.py [-h] [--data_path DATA_PATH]
train.py: error: unrecognized arguments: 
[2024-03-12 15:00:31,753] torch.distributed.elastic.multiprocessing.api: [ERROR] failed (exitcode: 2) local_rank: 0 (pid: 2515840) of binary: /usr/bin/python3
Traceback (most recent call last):
  File "/usr/local/bin/torchrun", line 8, in <module>
    sys.exit(main())
  File "/usr/local/lib/python3.10/dist-packages/torch/distributed/elastic/multiprocessing/errors/__init__.py", line 346, in wrapper
    return f(*args, **kwargs)
  File "/usr/local/lib/python3.10/dist-packages/torch/distributed/run.py", line 806, in main
    run(args)
  File "/usr/local/lib/python3.10/dist-packages/torch/distributed/run.py", line 797, in run
    elastic_launch(
  File "/usr/local/lib/python3.10/dist-packages/torch/distributed/launcher/api.py", line 134, in __call__
    return launch_agent(self._config, self._entrypoint, list(args))
  File "/usr/local/lib/python3.10/dist-packages/torch/distributed/launcher/api.py", line 264, in launch_agent
    raise ChildFailedError(
torch.distributed.elastic.multiprocessing.errors.ChildFailedError: 
============================================================
train.py FAILED
------------------------------------------------------------
Failures:
  <NO_OTHER_FAILURES>
------------------------------------------------------------
Root Cause (first observed failure):
[0]:
  time      : 2024-03-12_15:00:31
  host      : gcn52.local.snellius.surf.nl
  rank      : 0 (local_rank: 0)
  exitcode  : 2 (pid: 2515840)
  error_file: <N/A>
  traceback : To enable traceback see: https://pytorch.org/docs/stable/elastic/errors.html
============================================================
run_container.sh: line 9: --data_path: command not found
srun: error: gcn52: task 0: Exited with exit code 127
srun: Terminating StepId=5516900.0

JOB STATISTICS
==============
Job ID: 5516900
Cluster: snellius
User/Group: scur0748/scur0748
State: FAILED (exit code 127)
Nodes: 1
Cores per node: 18
CPU Utilized: 00:00:14
CPU Efficiency: 4.32% of 00:05:24 core-walltime
Job Wall-clock time: 00:00:18
Memory Utilized: 1.28 MB
Memory Efficiency: 0.00% of 120.00 GB
